build/app/intermediates/manifest_merge_blame_file/debug/manifest-merger-blame-debug-report.txt
1<?xml version="1.0" encoding="utf-8"?>
2<manifest xmlns:android="http://schemas.android.com/apk/res/android"
3    package="com.example.login_tutorial"
4    android:versionCode="1"
5    android:versionName="1.0.0" >
6
7    <uses-sdk
8        android:minSdkVersion="16"
9        android:targetSdkVersion="31" />
10    <!--
11         Flutter needs it to communicate with the running application
12         to allow setting breakpoints, to provide hot reload, etc.
13    -->
14    <uses-permission android:name="android.permission.INTERNET" />
14-->src\main\AndroidManifest.xml:4:5-66
14-->src\main\AndroidManifest.xml:4:22-64
15    <uses-permission android:name="com.google.android.gms.permission.AD_ID" />
15-->[com.facebook.android:facebook-core:13.2.0] AndroidManifest.xml:28:5-79
15-->[com.facebook.android:facebook-core:13.2.0] AndroidManifest.xml:28:22-76
16    <uses-permission android:name="com.google.android.finsky.permission.BIND_GET_INSTALL_REFERRER_SERVICE" />
16-->[com.android.installreferrer:installreferrer:1.0] AndroidManifest.xml:9:5-110
16-->[com.android.installreferrer:installreferrer:1.0] AndroidManifest.xml:9:22-107
17
18    <application
18-->src\main\AndroidManifest.xml:6:4-63:19
19        android:name="androidx.multidex.MultiDexApplication"
20        android:appComponentFactory="androidx.core.app.CoreComponentFactory"
20-->[androidx.core:core:1.6.0] AndroidManifest.xml:24:18-86
21        android:debuggable="true"
22        android:icon="@mipmap/ic_launcher"
22-->src\main\AndroidManifest.xml:7:8-42
23        android:label="login_tutorial"
23-->src\main\AndroidManifest.xml:8:8-38
24        android:supportsRtl="true" >
24-->[com.facebook.android:facebook-android-sdk:13.2.0] AndroidManifest.xml:28:18-44
25        <activity
25-->src\main\AndroidManifest.xml:9:9-37:20
26            android:name="com.example.login_tutorial.MainActivity"
26-->src\main\AndroidManifest.xml:10:13-41
27            android:configChanges="orientation|keyboardHidden|keyboard|screenSize|smallestScreenSize|locale|layoutDirection|fontScale|screenLayout|density|uiMode"
27-->src\main\AndroidManifest.xml:13:13-163
28            android:hardwareAccelerated="true"
28-->src\main\AndroidManifest.xml:14:13-47
29            android:launchMode="singleTop"
29-->src\main\AndroidManifest.xml:11:13-43
30            android:theme="@style/LaunchTheme"
30-->src\main\AndroidManifest.xml:12:13-47
31            android:windowSoftInputMode="adjustResize" >
31-->src\main\AndroidManifest.xml:15:13-55
32
33            <!--
34                 Specifies an Android theme to apply to this Activity as soon as
35                 the Android process has started. This theme is visible to the user
36                 while the Flutter UI initializes. After that, this theme continues
37                 to determine the Window background behind the Flutter UI.
38            -->
39            <meta-data
39-->src\main\AndroidManifest.xml:20:13-23:17
40                android:name="io.flutter.embedding.android.NormalTheme"
40-->src\main\AndroidManifest.xml:21:15-70
41                android:resource="@style/NormalTheme" />
41-->src\main\AndroidManifest.xml:22:15-52
42            <!--
43                 Displays an Android View that continues showing the launch screen
44                 Drawable until Flutter paints its first frame, then this splash
45                 screen fades out. A splash screen is useful to avoid any visual
46                 gap between the end of Android's launch screen and the painting of
47                 Flutter's first frame.
48            -->
49            <meta-data
49-->src\main\AndroidManifest.xml:29:13-32:17
50                android:name="io.flutter.embedding.android.SplashScreenDrawable"
50-->src\main\AndroidManifest.xml:30:15-79
51                android:resource="@drawable/launch_background" />
51-->src\main\AndroidManifest.xml:31:15-61
52
53            <intent-filter>
53-->src\main\AndroidManifest.xml:33:13-36:29
54                <action android:name="android.intent.action.MAIN" />
54-->src\main\AndroidManifest.xml:34:17-68
54-->src\main\AndroidManifest.xml:34:25-66
55
56                <category android:name="android.intent.category.LAUNCHER" />
56-->src\main\AndroidManifest.xml:35:17-76
56-->src\main\AndroidManifest.xml:35:27-74
57            </intent-filter>
58        </activity>
59
60        <meta-data
60-->src\main\AndroidManifest.xml:38:9-39:50
61            android:name="com.facebook.sdk.ApplicationId"
61-->src\main\AndroidManifest.xml:38:20-65
62            android:value="@string/facebook_app_id" />
62-->src\main\AndroidManifest.xml:39:9-48
63
64        <activity
64-->src\main\AndroidManifest.xml:41:9-44:48
65            android:name="com.facebook.FacebookActivity"
65-->src\main\AndroidManifest.xml:41:19-63
66            android:configChanges="keyboard|keyboardHidden|screenLayout|screenSize|orientation"
66-->src\main\AndroidManifest.xml:42:13-118
67            android:label="@string/app_name"
67-->src\main\AndroidManifest.xml:44:13-45
68            android:theme="@style/com_facebook_activity_theme" />
68-->[com.facebook.android:facebook-common:13.2.0] AndroidManifest.xml:33:13-63
69        <activity
69-->src\main\AndroidManifest.xml:45:9-54:20
70            android:name="com.facebook.CustomTabActivity"
70-->src\main\AndroidManifest.xml:46:13-58
71            android:exported="true" >
71-->src\main\AndroidManifest.xml:47:13-36
72            <intent-filter>
72-->src\main\AndroidManifest.xml:48:13-53:29
73                <action android:name="android.intent.action.VIEW" />
73-->src\main\AndroidManifest.xml:49:17-69
73-->src\main\AndroidManifest.xml:49:25-66
74
75                <category android:name="android.intent.category.DEFAULT" />
75-->src\main\AndroidManifest.xml:50:17-76
75-->src\main\AndroidManifest.xml:50:27-73
76                <category android:name="android.intent.category.BROWSABLE" />
76-->src\main\AndroidManifest.xml:51:17-78
76-->src\main\AndroidManifest.xml:51:27-75
77
78                <data android:scheme="@string/fb_login_protocol_scheme" />
78-->src\main\AndroidManifest.xml:52:17-75
78-->src\main\AndroidManifest.xml:52:23-72
79            </intent-filter>
80            <intent-filter>
80-->[com.facebook.android:facebook-common:13.2.0] AndroidManifest.xml:39:13-48:29
81                <action android:name="android.intent.action.VIEW" />
81-->src\main\AndroidManifest.xml:49:17-69
81-->src\main\AndroidManifest.xml:49:25-66
82
83                <category android:name="android.intent.category.DEFAULT" />
83-->src\main\AndroidManifest.xml:50:17-76
83-->src\main\AndroidManifest.xml:50:27-73
84                <category android:name="android.intent.category.BROWSABLE" />
84-->src\main\AndroidManifest.xml:51:17-78
84-->src\main\AndroidManifest.xml:51:27-75
85
86                <data
86-->src\main\AndroidManifest.xml:52:17-75
87                    android:host="cct.com.example.login_tutorial"
88                    android:scheme="fbconnect" />
88-->src\main\AndroidManifest.xml:52:23-72
89            </intent-filter>
90        </activity>
91
92        <!--
93             Don't delete the meta-data below.
94             This is used by the Flutter tool to generate GeneratedPluginRegistrant.java
95        -->
96        <meta-data
96-->src\main\AndroidManifest.xml:60:9-62:33
97            android:name="flutterEmbedding"
97-->src\main\AndroidManifest.xml:61:13-44
98            android:value="2" />
98-->src\main\AndroidManifest.xml:62:13-30
99
100        <uses-library
100-->[androidx.window:window:1.0.0-beta04] AndroidManifest.xml:25:9-27:40
101            android:name="androidx.window.extensions"
101-->[androidx.window:window:1.0.0-beta04] AndroidManifest.xml:26:13-54
102            android:required="false" />
102-->[androidx.window:window:1.0.0-beta04] AndroidManifest.xml:27:13-37
103        <uses-library
103-->[androidx.window:window:1.0.0-beta04] AndroidManifest.xml:28:9-30:40
104            android:name="androidx.window.sidecar"
104-->[androidx.window:window:1.0.0-beta04] AndroidManifest.xml:29:13-51
105            android:required="false" />
105-->[androidx.window:window:1.0.0-beta04] AndroidManifest.xml:30:13-37
106
107        <activity
107-->[com.google.android.gms:play-services-auth:20.0.1] AndroidManifest.xml:23:9-27:75
108            android:name="com.google.android.gms.auth.api.signin.internal.SignInHubActivity"
108-->[com.google.android.gms:play-services-auth:20.0.1] AndroidManifest.xml:24:13-93
109            android:excludeFromRecents="true"
109-->[com.google.android.gms:play-services-auth:20.0.1] AndroidManifest.xml:25:13-46
110            android:exported="false"
110-->[com.google.android.gms:play-services-auth:20.0.1] AndroidManifest.xml:26:13-37
111            android:theme="@android:style/Theme.Translucent.NoTitleBar" />
111-->[com.google.android.gms:play-services-auth:20.0.1] AndroidManifest.xml:27:13-72
112        <!--
113            Service handling Google Sign-In user revocation. For apps that do not integrate with
114            Google Sign-In, this service will never be started.
115        -->
116        <service
116-->[com.google.android.gms:play-services-auth:20.0.1] AndroidManifest.xml:33:9-37:51
117            android:name="com.google.android.gms.auth.api.signin.RevocationBoundService"
117-->[com.google.android.gms:play-services-auth:20.0.1] AndroidManifest.xml:34:13-89
118            android:exported="true"
118-->[com.google.android.gms:play-services-auth:20.0.1] AndroidManifest.xml:35:13-36
119            android:permission="com.google.android.gms.auth.api.signin.permission.REVOCATION_NOTIFICATION"
119-->[com.google.android.gms:play-services-auth:20.0.1] AndroidManifest.xml:36:13-107
120            android:visibleToInstantApps="true" />
120-->[com.google.android.gms:play-services-auth:20.0.1] AndroidManifest.xml:37:13-48
121
122        <activity android:name="com.facebook.CustomTabMainActivity" />
122-->[com.facebook.android:facebook-common:13.2.0] AndroidManifest.xml:34:9-71
122-->[com.facebook.android:facebook-common:13.2.0] AndroidManifest.xml:34:19-68
123        <!--
124         The initialization ContentProvider will call FacebookSdk.sdkInitialize automatically
125         with the application context. This config is merged in with the host app's manifest,
126         but there can only be one provider with the same authority activated at any given
127         point; so if the end user has two or more different apps that use Facebook SDK, only the
128         first one will be able to use the provider. To work around this problem, we use the
129         following placeholder in the authority to identify each host application as if it was
130         a completely different provider.
131        -->
132        <provider
132-->[com.facebook.android:facebook-core:13.2.0] AndroidManifest.xml:41:9-44:40
133            android:name="com.facebook.internal.FacebookInitProvider"
133-->[com.facebook.android:facebook-core:13.2.0] AndroidManifest.xml:42:13-70
134            android:authorities="com.example.login_tutorial.FacebookInitProvider"
134-->[com.facebook.android:facebook-core:13.2.0] AndroidManifest.xml:43:13-72
135            android:exported="false" />
135-->[com.facebook.android:facebook-core:13.2.0] AndroidManifest.xml:44:13-37
136
137        <receiver
137-->[com.facebook.android:facebook-core:13.2.0] AndroidManifest.xml:46:9-52:20
138            android:name="com.facebook.CurrentAccessTokenExpirationBroadcastReceiver"
138-->[com.facebook.android:facebook-core:13.2.0] AndroidManifest.xml:47:13-86
139            android:exported="false" >
139-->[com.facebook.android:facebook-core:13.2.0] AndroidManifest.xml:48:13-37
140            <intent-filter>
140-->[com.facebook.android:facebook-core:13.2.0] AndroidManifest.xml:49:13-51:29
141                <action android:name="com.facebook.sdk.ACTION_CURRENT_ACCESS_TOKEN_CHANGED" />
141-->[com.facebook.android:facebook-core:13.2.0] AndroidManifest.xml:50:17-95
141-->[com.facebook.android:facebook-core:13.2.0] AndroidManifest.xml:50:25-92
142            </intent-filter>
143        </receiver>
144        <receiver
144-->[com.facebook.android:facebook-core:13.2.0] AndroidManifest.xml:53:9-59:20
145            android:name="com.facebook.AuthenticationTokenManager$CurrentAuthenticationTokenChangedBroadcastReceiver"
145-->[com.facebook.android:facebook-core:13.2.0] AndroidManifest.xml:54:13-118
146            android:exported="false" >
146-->[com.facebook.android:facebook-core:13.2.0] AndroidManifest.xml:55:13-37
147            <intent-filter>
147-->[com.facebook.android:facebook-core:13.2.0] AndroidManifest.xml:56:13-58:29
148                <action android:name="com.facebook.sdk.ACTION_CURRENT_AUTHENTICATION_TOKEN_CHANGED" />
148-->[com.facebook.android:facebook-core:13.2.0] AndroidManifest.xml:57:17-103
148-->[com.facebook.android:facebook-core:13.2.0] AndroidManifest.xml:57:25-100
149            </intent-filter>
150        </receiver>
151
152        <activity
152-->[com.google.android.gms:play-services-base:18.0.1] AndroidManifest.xml:20:9-22:45
153            android:name="com.google.android.gms.common.api.GoogleApiActivity"
153-->[com.google.android.gms:play-services-base:18.0.1] AndroidManifest.xml:20:19-85
154            android:exported="false"
154-->[com.google.android.gms:play-services-base:18.0.1] AndroidManifest.xml:22:19-43
155            android:theme="@android:style/Theme.Translucent.NoTitleBar" />
155-->[com.google.android.gms:play-services-base:18.0.1] AndroidManifest.xml:21:19-78
156
157        <meta-data
157-->[com.google.android.gms:play-services-basement:18.0.0] AndroidManifest.xml:21:9-23:69
158            android:name="com.google.android.gms.version"
158-->[com.google.android.gms:play-services-basement:18.0.0] AndroidManifest.xml:22:13-58
159            android:value="@integer/google_play_services_version" />
159-->[com.google.android.gms:play-services-basement:18.0.0] AndroidManifest.xml:23:13-66
160    </application>
161
162</manifest>